{"C:\\wamp64\\www\\pdp\\api-case-pdp\\src\\app.controller.ts": {"path":"C:\\wamp64\\www\\pdp\\api-case-pdp\\src\\app.controller.ts","statementMap":{"0":{"start":{"line":1,"column":0},"end":{"line":1,"column":72}},"1":{"start":{"line":3,"column":0},"end":{"line":3,"column":null}},"2":{"start":{"line":8,"column":0},"end":{"line":8,"column":null}},"3":{"start":{"line":13,"column":0},"end":{"line":13,"column":43}},"4":{"start":{"line":14,"column":0},"end":{"line":14,"column":56}},"5":{"start":{"line":18,"column":7},"end":{"line":121,"column":null}},"6":{"start":{"line":20,"column":21},"end":{"line":20,"column":33}},"7":{"start":{"line":21,"column":21},"end":{"line":21,"column":29}},"8":{"start":{"line":22,"column":21},"end":{"line":22,"column":25}},"9":{"start":{"line":23,"column":21},"end":{"line":23,"column":36}},"10":{"start":{"line":44,"column":4},"end":{"line":44,"column":55}},"11":{"start":{"line":45,"column":4},"end":{"line":45,"column":45}},"12":{"start":{"line":46,"column":4},"end":{"line":46,"column":55}},"13":{"start":{"line":47,"column":4},"end":{"line":47,"column":74}},"14":{"start":{"line":48,"column":4},"end":{"line":48,"column":40}},"15":{"start":{"line":49,"column":4},"end":{"line":49,"column":34}},"16":{"start":{"line":51,"column":4},"end":{"line":54,"column":7}},"17":{"start":{"line":97,"column":4},"end":{"line":99,"column":7}},"18":{"start":{"line":98,"column":12},"end":{"line":98,"column":41}},"19":{"start":{"line":118,"column":4},"end":{"line":118,"column":44}},"20":{"start":{"line":119,"column":4},"end":{"line":119,"column":55}},"21":{"start":{"line":18,"column":13},"end":{"line":18,"column":26}},"22":{"start":{"line":42,"column":2},"end":{"line":55,"column":null}},"23":{"start":{"line":96,"column":2},"end":{"line":100,"column":null}},"24":{"start":{"line":117,"column":8},"end":{"line":120,"column":null}},"25":{"start":{"line":18,"column":13},"end":{"line":121,"column":null}}},"fnMap":{"0":{"name":"(anonymous_4)","decl":{"start":{"line":19,"column":2},"end":{"line":19,"column":null}},"loc":{"start":{"line":23,"column":49},"end":{"line":24,"column":6}}},"1":{"name":"(anonymous_5)","decl":{"start":{"line":42,"column":2},"end":{"line":42,"column":12}},"loc":{"start":{"line":42,"column":33},"end":{"line":55,"column":3}}},"2":{"name":"(anonymous_6)","decl":{"start":{"line":96,"column":2},"end":{"line":96,"column":7}},"loc":{"start":{"line":96,"column":7},"end":{"line":100,"column":3}}},"3":{"name":"(anonymous_7)","decl":{"start":{"line":98,"column":6},"end":{"line":98,"column":9}},"loc":{"start":{"line":98,"column":12},"end":{"line":98,"column":41}}},"4":{"name":"(anonymous_8)","decl":{"start":{"line":117,"column":8},"end":{"line":117,"column":20}},"loc":{"start":{"line":117,"column":20},"end":{"line":120,"column":3}}}},"branchMap":{"0":{"loc":{"start":{"line":20,"column":33},"end":{"line":20,"column":null}},"type":"cond-expr","locations":[{"start":{"line":20,"column":43},"end":{"line":20,"column":null}},{"start":{"line":20,"column":43},"end":{"line":20,"column":null}}]},"1":{"loc":{"start":{"line":20,"column":33},"end":{"line":20,"column":43}},"type":"binary-expr","locations":[{"start":{"line":20,"column":33},"end":{"line":20,"column":null}},{"start":{"line":20,"column":33},"end":{"line":20,"column":43}}]},"2":{"loc":{"start":{"line":20,"column":43},"end":{"line":21,"column":null}},"type":"cond-expr","locations":[{"start":{"line":21,"column":47},"end":{"line":21,"column":null}},{"start":{"line":21,"column":47},"end":{"line":21,"column":null}}]},"3":{"loc":{"start":{"line":20,"column":43},"end":{"line":21,"column":47}},"type":"binary-expr","locations":[{"start":{"line":20,"column":43},"end":{"line":21,"column":null}},{"start":{"line":21,"column":29},"end":{"line":21,"column":47}}]},"4":{"loc":{"start":{"line":21,"column":47},"end":{"line":22,"column":null}},"type":"cond-expr","locations":[{"start":{"line":22,"column":47},"end":{"line":22,"column":null}},{"start":{"line":22,"column":47},"end":{"line":22,"column":null}}]},"5":{"loc":{"start":{"line":21,"column":47},"end":{"line":22,"column":47}},"type":"binary-expr","locations":[{"start":{"line":21,"column":47},"end":{"line":22,"column":null}},{"start":{"line":22,"column":25},"end":{"line":22,"column":47}}]},"6":{"loc":{"start":{"line":22,"column":47},"end":{"line":23,"column":null}},"type":"cond-expr","locations":[{"start":{"line":23,"column":49},"end":{"line":23,"column":null}},{"start":{"line":23,"column":49},"end":{"line":23,"column":null}}]},"7":{"loc":{"start":{"line":22,"column":47},"end":{"line":23,"column":49}},"type":"binary-expr","locations":[{"start":{"line":22,"column":47},"end":{"line":23,"column":null}},{"start":{"line":23,"column":36},"end":{"line":23,"column":49}}]}},"s":{"0":1,"1":1,"2":1,"3":1,"4":1,"5":1,"6":15,"7":15,"8":15,"9":15,"10":3,"11":3,"12":3,"13":3,"14":3,"15":3,"16":3,"17":7,"18":1,"19":6,"20":4,"21":1,"22":1,"23":1,"24":1,"25":1},"f":{"0":15,"1":3,"2":7,"3":1,"4":6},"b":{"0":[1,0],"1":[1,1],"2":[1,0],"3":[1,1],"4":[1,0],"5":[1,1],"6":[1,0],"7":[1,1]}}
,"C:\\wamp64\\www\\pdp\\api-case-pdp\\src\\app.module.ts": {"path":"C:\\wamp64\\www\\pdp\\api-case-pdp\\src\\app.module.ts","statementMap":{"0":{"start":{"line":1,"column":0},"end":{"line":1,"column":40}},"1":{"start":{"line":2,"column":0},"end":{"line":2,"column":46}},"2":{"start":{"line":3,"column":0},"end":{"line":3,"column":50}},"3":{"start":{"line":4,"column":0},"end":{"line":4,"column":49}},"4":{"start":{"line":5,"column":0},"end":{"line":5,"column":43}},"5":{"start":{"line":6,"column":0},"end":{"line":6,"column":60}},"6":{"start":{"line":7,"column":0},"end":{"line":7,"column":64}},"7":{"start":{"line":8,"column":0},"end":{"line":8,"column":54}},"8":{"start":{"line":24,"column":7},"end":{"line":24,"column":null}},"9":{"start":{"line":24,"column":13},"end":{"line":24,"column":22}},"10":{"start":{"line":24,"column":13},"end":{"line":24,"column":null}}},"fnMap":{},"branchMap":{},"s":{"0":0,"1":0,"2":0,"3":0,"4":0,"5":0,"6":0,"7":0,"8":0,"9":0,"10":0},"f":{},"b":{}}
,"C:\\wamp64\\www\\pdp\\api-case-pdp\\src\\app.service.ts": {"path":"C:\\wamp64\\www\\pdp\\api-case-pdp\\src\\app.service.ts","statementMap":{"0":{"start":{"line":1,"column":0},"end":{"line":1,"column":44}},"1":{"start":{"line":4,"column":7},"end":{"line":4,"column":null}},"2":{"start":{"line":4,"column":13},"end":{"line":4,"column":23}},"3":{"start":{"line":4,"column":13},"end":{"line":4,"column":null}}},"fnMap":{},"branchMap":{},"s":{"0":1,"1":1,"2":1,"3":1},"f":{},"b":{}}
,"C:\\wamp64\\www\\pdp\\api-case-pdp\\src\\main.ts": {"path":"C:\\wamp64\\www\\pdp\\api-case-pdp\\src\\main.ts","statementMap":{"0":{"start":{"line":1,"column":0},"end":{"line":1,"column":43}},"1":{"start":{"line":2,"column":0},"end":{"line":2,"column":48}},"2":{"start":{"line":3,"column":0},"end":{"line":3,"column":65}},"3":{"start":{"line":4,"column":0},"end":{"line":4,"column":41}},"4":{"start":{"line":5,"column":0},"end":{"line":5,"column":70}},"5":{"start":{"line":8,"column":14},"end":{"line":8,"column":49}},"6":{"start":{"line":11,"column":2},"end":{"line":15,"column":5}},"7":{"start":{"line":18,"column":2},"end":{"line":24,"column":4}},"8":{"start":{"line":27,"column":2},"end":{"line":27,"column":50}},"9":{"start":{"line":30,"column":17},"end":{"line":36,"column":12}},"10":{"start":{"line":38,"column":19},"end":{"line":38,"column":60}},"11":{"start":{"line":39,"column":2},"end":{"line":43,"column":5}},"12":{"start":{"line":45,"column":15},"end":{"line":45,"column":39}},"13":{"start":{"line":46,"column":2},"end":{"line":46,"column":25}},"14":{"start":{"line":47,"column":2},"end":{"line":47,"column":69}},"15":{"start":{"line":48,"column":2},"end":{"line":48,"column":87}},"16":{"start":{"line":51,"column":0},"end":{"line":51,"column":12}}},"fnMap":{"0":{"name":"bootstrap","decl":{"start":{"line":7,"column":15},"end":{"line":7,"column":24}},"loc":{"start":{"line":7,"column":24},"end":{"line":49,"column":1}}}},"branchMap":{"0":{"loc":{"start":{"line":45,"column":15},"end":{"line":45,"column":39}},"type":"binary-expr","locations":[{"start":{"line":45,"column":15},"end":{"line":45,"column":31}},{"start":{"line":45,"column":35},"end":{"line":45,"column":39}}]}},"s":{"0":0,"1":0,"2":0,"3":0,"4":0,"5":0,"6":0,"7":0,"8":0,"9":0,"10":0,"11":0,"12":0,"13":0,"14":0,"15":0,"16":0},"f":{"0":0},"b":{"0":[0,0]}}
,"C:\\wamp64\\www\\pdp\\api-case-pdp\\src\\api\\products\\constants.ts": {"path":"C:\\wamp64\\www\\pdp\\api-case-pdp\\src\\api\\products\\constants.ts","statementMap":{"0":{"start":{"line":1,"column":13},"end":{"line":1,"column":57}},"1":{"start":{"line":3,"column":13},"end":{"line":11,"column":11}},"2":{"start":{"line":13,"column":13},"end":{"line":21,"column":11}},"3":{"start":{"line":23,"column":13},"end":{"line":30,"column":11}},"4":{"start":{"line":32,"column":13},"end":{"line":38,"column":11}},"5":{"start":{"line":40,"column":13},"end":{"line":43,"column":11}}},"fnMap":{},"branchMap":{},"s":{"0":0,"1":0,"2":0,"3":0,"4":0,"5":0},"f":{},"b":{}}
,"C:\\wamp64\\www\\pdp\\api-case-pdp\\src\\api\\products\\index.ts": {"path":"C:\\wamp64\\www\\pdp\\api-case-pdp\\src\\api\\products\\index.ts","statementMap":{"0":{"start":{"line":1,"column":0},"end":{"line":1,"column":34}},"1":{"start":{"line":2,"column":0},"end":{"line":2,"column":28}},"2":{"start":{"line":3,"column":0},"end":{"line":3,"column":46}},"3":{"start":{"line":4,"column":0},"end":{"line":4,"column":44}},"4":{"start":{"line":5,"column":0},"end":{"line":5,"column":50}},"5":{"start":{"line":6,"column":0},"end":{"line":6,"column":42}},"6":{"start":{"line":7,"column":0},"end":{"line":7,"column":39}}},"fnMap":{},"branchMap":{},"s":{"0":0,"1":0,"2":0,"3":0,"4":0,"5":0,"6":0},"f":{},"b":{}}
,"C:\\wamp64\\www\\pdp\\api-case-pdp\\src\\api\\products\\products.module.ts": {"path":"C:\\wamp64\\www\\pdp\\api-case-pdp\\src\\api\\products\\products.module.ts","statementMap":{"0":{"start":{"line":1,"column":0},"end":{"line":1,"column":40}},"1":{"start":{"line":2,"column":0},"end":{"line":2,"column":48}},"2":{"start":{"line":3,"column":0},"end":{"line":3,"column":71}},"3":{"start":{"line":4,"column":0},"end":{"line":4,"column":62}},"4":{"start":{"line":5,"column":0},"end":{"line":5,"column":52}},"5":{"start":{"line":6,"column":0},"end":{"line":6,"column":66}},"6":{"start":{"line":14,"column":7},"end":{"line":14,"column":null}},"7":{"start":{"line":14,"column":13},"end":{"line":14,"column":27}},"8":{"start":{"line":14,"column":13},"end":{"line":14,"column":null}}},"fnMap":{},"branchMap":{},"s":{"0":0,"1":0,"2":0,"3":0,"4":0,"5":0,"6":0,"7":0,"8":0},"f":{},"b":{}}
,"C:\\wamp64\\www\\pdp\\api-case-pdp\\src\\api\\products\\controllers\\products.controller.ts": {"path":"C:\\wamp64\\www\\pdp\\api-case-pdp\\src\\api\\products\\controllers\\products.controller.ts","statementMap":{"0":{"start":{"line":1,"column":0},"end":{"line":1,"column":null}},"1":{"start":{"line":8,"column":0},"end":{"line":8,"column":null}},"2":{"start":{"line":15,"column":0},"end":{"line":15,"column":63}},"3":{"start":{"line":16,"column":0},"end":{"line":16,"column":56}},"4":{"start":{"line":17,"column":0},"end":{"line":17,"column":53}},"5":{"start":{"line":21,"column":7},"end":{"line":55,"column":null}},"6":{"start":{"line":22,"column":31},"end":{"line":22,"column":48}},"7":{"start":{"line":53,"column":4},"end":{"line":53,"column":54}},"8":{"start":{"line":21,"column":13},"end":{"line":21,"column":31}},"9":{"start":{"line":52,"column":8},"end":{"line":54,"column":null}},"10":{"start":{"line":21,"column":13},"end":{"line":55,"column":null}}},"fnMap":{"0":{"name":"(anonymous_4)","decl":{"start":{"line":22,"column":2},"end":{"line":22,"column":31}},"loc":{"start":{"line":22,"column":63},"end":{"line":22,"column":67}}},"1":{"name":"(anonymous_5)","decl":{"start":{"line":52,"column":8},"end":{"line":52,"column":23}},"loc":{"start":{"line":52,"column":54},"end":{"line":54,"column":3}}}},"branchMap":{"0":{"loc":{"start":{"line":52,"column":41},"end":{"line":52,"column":57}},"type":"cond-expr","locations":[{"start":{"line":52,"column":54},"end":{"line":52,"column":57}},{"start":{"line":52,"column":54},"end":{"line":52,"column":57}}]},"1":{"loc":{"start":{"line":52,"column":41},"end":{"line":52,"column":54}},"type":"binary-expr","locations":[{"start":{"line":52,"column":41},"end":{"line":52,"column":57}},{"start":{"line":52,"column":41},"end":{"line":52,"column":54}}]},"2":{"loc":{"start":{"line":52,"column":57},"end":{"line":52,"column":null}},"type":"cond-expr","locations":[{"start":{"line":52,"column":64},"end":{"line":52,"column":null}},{"start":{"line":52,"column":64},"end":{"line":52,"column":null}}]},"3":{"loc":{"start":{"line":52,"column":57},"end":{"line":52,"column":64}},"type":"binary-expr","locations":[{"start":{"line":52,"column":57},"end":{"line":52,"column":null}},{"start":{"line":52,"column":57},"end":{"line":52,"column":64}}]},"4":{"loc":{"start":{"line":22,"column":48},"end":{"line":22,"column":66}},"type":"cond-expr","locations":[{"start":{"line":22,"column":63},"end":{"line":22,"column":66}},{"start":{"line":22,"column":63},"end":{"line":22,"column":66}}]},"5":{"loc":{"start":{"line":22,"column":48},"end":{"line":22,"column":63}},"type":"binary-expr","locations":[{"start":{"line":22,"column":48},"end":{"line":22,"column":66}},{"start":{"line":22,"column":48},"end":{"line":22,"column":63}}]}},"s":{"0":1,"1":1,"2":1,"3":1,"4":1,"5":1,"6":4,"7":3,"8":1,"9":1,"10":1},"f":{"0":4,"1":3},"b":{"0":[1,0],"1":[1,1],"2":[1,0],"3":[1,1],"4":[1,0],"5":[1,1]}}
,"C:\\wamp64\\www\\pdp\\api-case-pdp\\src\\api\\products\\dtos\\get-product.dto.ts": {"path":"C:\\wamp64\\www\\pdp\\api-case-pdp\\src\\api\\products\\dtos\\get-product.dto.ts","statementMap":{"0":{"start":{"line":1,"column":0},"end":{"line":1,"column":64}},"1":{"start":{"line":2,"column":0},"end":{"line":2,"column":46}},"2":{"start":{"line":4,"column":0},"end":{"line":4,"column":13}},"3":{"start":{"line":16,"column":2},"end":{"line":16,"column":null}}},"fnMap":{},"branchMap":{},"s":{"0":2,"1":2,"2":2,"3":2},"f":{},"b":{}}
,"C:\\wamp64\\www\\pdp\\api-case-pdp\\src\\api\\products\\entities\\product.entity.ts": {"path":"C:\\wamp64\\www\\pdp\\api-case-pdp\\src\\api\\products\\entities\\product.entity.ts","statementMap":{"0":{"start":{"line":1,"column":0},"end":{"line":1,"column":null}},"1":{"start":{"line":10,"column":0},"end":{"line":10,"column":46}},"2":{"start":{"line":16,"column":7},"end":{"line":100,"column":null}},"3":{"start":{"line":16,"column":13},"end":{"line":16,"column":20}},"4":{"start":{"line":22,"column":2},"end":{"line":22,"column":null}},"5":{"start":{"line":30,"column":2},"end":{"line":30,"column":null}},"6":{"start":{"line":38,"column":2},"end":{"line":38,"column":null}},"7":{"start":{"line":46,"column":2},"end":{"line":46,"column":null}},"8":{"start":{"line":55,"column":2},"end":{"line":55,"column":null}},"9":{"start":{"line":63,"column":2},"end":{"line":63,"column":null}},"10":{"start":{"line":71,"column":2},"end":{"line":71,"column":null}},"11":{"start":{"line":80,"column":2},"end":{"line":80,"column":null}},"12":{"start":{"line":89,"column":2},"end":{"line":89,"column":null}},"13":{"start":{"line":99,"column":2},"end":{"line":99,"column":null}},"14":{"start":{"line":16,"column":13},"end":{"line":100,"column":null}}},"fnMap":{},"branchMap":{"0":{"loc":{"start":{"line":80,"column":13},"end":{"line":80,"column":18}},"type":"cond-expr","locations":[{"start":{"line":80,"column":17},"end":{"line":80,"column":18}},{"start":{"line":80,"column":17},"end":{"line":80,"column":18}}]},"1":{"loc":{"start":{"line":80,"column":13},"end":{"line":80,"column":17}},"type":"binary-expr","locations":[{"start":{"line":80,"column":13},"end":{"line":80,"column":18}},{"start":{"line":80,"column":13},"end":{"line":80,"column":17}}]},"2":{"loc":{"start":{"line":89,"column":13},"end":{"line":89,"column":18}},"type":"cond-expr","locations":[{"start":{"line":89,"column":17},"end":{"line":89,"column":18}},{"start":{"line":89,"column":17},"end":{"line":89,"column":18}}]},"3":{"loc":{"start":{"line":89,"column":13},"end":{"line":89,"column":17}},"type":"binary-expr","locations":[{"start":{"line":89,"column":13},"end":{"line":89,"column":18}},{"start":{"line":89,"column":13},"end":{"line":89,"column":17}}]}},"s":{"0":5,"1":5,"2":5,"3":5,"4":5,"5":5,"6":5,"7":5,"8":5,"9":5,"10":5,"11":5,"12":5,"13":5,"14":5},"f":{},"b":{"0":[5,0],"1":[5,5],"2":[5,0],"3":[5,5]}}
,"C:\\wamp64\\www\\pdp\\api-case-pdp\\src\\api\\products\\providers\\products.provider.ts": {"path":"C:\\wamp64\\www\\pdp\\api-case-pdp\\src\\api\\products\\providers\\products.provider.ts","statementMap":{"0":{"start":{"line":2,"column":0},"end":{"line":2,"column":63}},"1":{"start":{"line":3,"column":0},"end":{"line":3,"column":71}},"2":{"start":{"line":5,"column":0},"end":{"line":5,"column":71}},"3":{"start":{"line":6,"column":0},"end":{"line":6,"column":53}},"4":{"start":{"line":7,"column":0},"end":{"line":7,"column":60}},"5":{"start":{"line":9,"column":13},"end":{"line":12,"column":11}},"6":{"start":{"line":14,"column":13},"end":{"line":24,"column":2}},"7":{"start":{"line":26,"column":13},"end":{"line":29,"column":2}},"8":{"start":{"line":31,"column":13},"end":{"line":39,"column":2}},"9":{"start":{"line":36,"column":48},"end":{"line":36,"column":112}}},"fnMap":{"0":{"name":"(anonymous_0)","decl":{"start":{"line":36,"column":20},"end":{"line":36,"column":21}},"loc":{"start":{"line":36,"column":48},"end":{"line":36,"column":112}}}},"branchMap":{},"s":{"0":0,"1":0,"2":0,"3":0,"4":0,"5":0,"6":0,"7":0,"8":0,"9":0},"f":{"0":0},"b":{}}
,"C:\\wamp64\\www\\pdp\\api-case-pdp\\src\\api\\products\\repositories\\product.repository.ts": {"path":"C:\\wamp64\\www\\pdp\\api-case-pdp\\src\\api\\products\\repositories\\product.repository.ts","statementMap":{"0":{"start":{"line":1,"column":0},"end":{"line":1,"column":37}},"1":{"start":{"line":4,"column":0},"end":{"line":4,"column":13}}},"fnMap":{},"branchMap":{},"s":{"0":2,"1":2},"f":{},"b":{}}
,"C:\\wamp64\\www\\pdp\\api-case-pdp\\src\\api\\products\\services\\products.service.ts": {"path":"C:\\wamp64\\www\\pdp\\api-case-pdp\\src\\api\\products\\services\\products.service.ts","statementMap":{"0":{"start":{"line":1,"column":0},"end":{"line":1,"column":79}},"1":{"start":{"line":2,"column":0},"end":{"line":2,"column":51}},"2":{"start":{"line":3,"column":0},"end":{"line":3,"column":33}},"3":{"start":{"line":4,"column":0},"end":{"line":4,"column":54}},"4":{"start":{"line":6,"column":0},"end":{"line":6,"column":53}},"5":{"start":{"line":7,"column":0},"end":{"line":7,"column":71}},"6":{"start":{"line":10,"column":28},"end":{"line":54,"column":null}},"7":{"start":{"line":11,"column":28},"end":{"line":11,"column":60}},"8":{"start":{"line":12,"column":31},"end":{"line":12,"column":36}},"9":{"start":{"line":16,"column":21},"end":{"line":16,"column":40}},"10":{"start":{"line":18,"column":21},"end":{"line":18,"column":40}},"11":{"start":{"line":22,"column":21},"end":{"line":22,"column":37}},"12":{"start":{"line":24,"column":4},"end":{"line":33,"column":5}},"13":{"start":{"line":26,"column":28},"end":{"line":26,"column":74}},"14":{"start":{"line":27,"column":6},"end":{"line":30,"column":7}},"15":{"start":{"line":28,"column":8},"end":{"line":28,"column":60}},"16":{"start":{"line":29,"column":8},"end":{"line":29,"column":29}},"17":{"start":{"line":32,"column":6},"end":{"line":32,"column":71}},"18":{"start":{"line":36,"column":20},"end":{"line":38,"column":6}},"19":{"start":{"line":40,"column":4},"end":{"line":42,"column":5}},"20":{"start":{"line":41,"column":6},"end":{"line":41,"column":60}},"21":{"start":{"line":45,"column":4},"end":{"line":50,"column":5}},"22":{"start":{"line":46,"column":6},"end":{"line":46,"column":69}},"23":{"start":{"line":47,"column":6},"end":{"line":47,"column":50}},"24":{"start":{"line":49,"column":6},"end":{"line":49,"column":75}},"25":{"start":{"line":52,"column":4},"end":{"line":52,"column":19}},"26":{"start":{"line":10,"column":13},"end":{"line":10,"column":28}},"27":{"start":{"line":10,"column":13},"end":{"line":54,"column":null}}},"fnMap":{"0":{"name":"(anonymous_4)","decl":{"start":{"line":14,"column":2},"end":{"line":14,"column":null}},"loc":{"start":{"line":18,"column":40},"end":{"line":19,"column":6}}},"1":{"name":"(anonymous_5)","decl":{"start":{"line":21,"column":2},"end":{"line":21,"column":7}},"loc":{"start":{"line":21,"column":29},"end":{"line":53,"column":3}}}},"branchMap":{"0":{"loc":{"start":{"line":27,"column":6},"end":{"line":30,"column":7}},"type":"if","locations":[{"start":{"line":27,"column":6},"end":{"line":30,"column":7}},{"start":{},"end":{}}]},"1":{"loc":{"start":{"line":40,"column":4},"end":{"line":42,"column":5}},"type":"if","locations":[{"start":{"line":40,"column":4},"end":{"line":42,"column":5}},{"start":{},"end":{}}]},"2":{"loc":{"start":{"line":16,"column":40},"end":{"line":16,"column":null}},"type":"cond-expr","locations":[{"start":{"line":16,"column":57},"end":{"line":16,"column":null}},{"start":{"line":16,"column":57},"end":{"line":16,"column":null}}]},"3":{"loc":{"start":{"line":16,"column":40},"end":{"line":16,"column":57}},"type":"binary-expr","locations":[{"start":{"line":16,"column":40},"end":{"line":16,"column":null}},{"start":{"line":16,"column":40},"end":{"line":16,"column":57}}]}},"s":{"0":2,"1":2,"2":2,"3":2,"4":2,"5":2,"6":2,"7":21,"8":21,"9":21,"10":21,"11":22,"12":22,"13":22,"14":20,"15":6,"16":6,"17":2,"18":16,"19":14,"20":2,"21":12,"22":12,"23":11,"24":1,"25":12,"26":2,"27":2},"f":{"0":21,"1":22},"b":{"0":[6,14],"1":[2,12],"2":[2,0],"3":[2,2]}}
,"C:\\wamp64\\www\\pdp\\api-case-pdp\\src\\database\\constants.ts": {"path":"C:\\wamp64\\www\\pdp\\api-case-pdp\\src\\database\\constants.ts","statementMap":{"0":{"start":{"line":1,"column":13},"end":{"line":1,"column":55}}},"fnMap":{},"branchMap":{},"s":{"0":0},"f":{},"b":{}}
,"C:\\wamp64\\www\\pdp\\api-case-pdp\\src\\database\\database.constants.ts": {"path":"C:\\wamp64\\www\\pdp\\api-case-pdp\\src\\database\\database.constants.ts","statementMap":{"0":{"start":{"line":1,"column":13},"end":{"line":8,"column":11}},"1":{"start":{"line":10,"column":13},"end":{"line":19,"column":11}},"2":{"start":{"line":21,"column":13},"end":{"line":24,"column":11}}},"fnMap":{},"branchMap":{},"s":{"0":0,"1":0,"2":0},"f":{},"b":{}}
,"C:\\wamp64\\www\\pdp\\api-case-pdp\\src\\database\\database.module.ts": {"path":"C:\\wamp64\\www\\pdp\\api-case-pdp\\src\\database\\database.module.ts","statementMap":{"0":{"start":{"line":1,"column":0},"end":{"line":1,"column":48}},"1":{"start":{"line":2,"column":0},"end":{"line":2,"column":48}},"2":{"start":{"line":3,"column":0},"end":{"line":3,"column":61}},"3":{"start":{"line":4,"column":0},"end":{"line":4,"column":52}},"4":{"start":{"line":5,"column":0},"end":{"line":5,"column":97}},"5":{"start":{"line":25,"column":7},"end":{"line":25,"column":null}},"6":{"start":{"line":25,"column":13},"end":{"line":25,"column":27}},"7":{"start":{"line":25,"column":13},"end":{"line":25,"column":null}}},"fnMap":{},"branchMap":{},"s":{"0":0,"1":0,"2":0,"3":0,"4":0,"5":0,"6":0,"7":0},"f":{},"b":{}}
,"C:\\wamp64\\www\\pdp\\api-case-pdp\\src\\database\\database.provider.ts": {"path":"C:\\wamp64\\www\\pdp\\api-case-pdp\\src\\database\\database.provider.ts","statementMap":{"0":{"start":{"line":1,"column":0},"end":{"line":1,"column":47}},"1":{"start":{"line":3,"column":0},"end":{"line":3,"column":66}},"2":{"start":{"line":4,"column":0},"end":{"line":4,"column":null}},"3":{"start":{"line":9,"column":0},"end":{"line":9,"column":49}},"4":{"start":{"line":10,"column":0},"end":{"line":10,"column":56}},"5":{"start":{"line":11,"column":0},"end":{"line":11,"column":39}},"6":{"start":{"line":16,"column":13},"end":{"line":16,"column":42}},"7":{"start":{"line":26,"column":36},"end":{"line":72,"column":1}},"8":{"start":{"line":29,"column":17},"end":{"line":29,"column":102}},"9":{"start":{"line":30,"column":18},"end":{"line":30,"column":66}},"10":{"start":{"line":31,"column":24},"end":{"line":31,"column":49}},"11":{"start":{"line":33,"column":2},"end":{"line":46,"column":3}},"12":{"start":{"line":34,"column":21},"end":{"line":34,"column":72}},"13":{"start":{"line":35,"column":4},"end":{"line":37,"column":5}},"14":{"start":{"line":36,"column":6},"end":{"line":36,"column":58}},"15":{"start":{"line":39,"column":4},"end":{"line":45,"column":6}},"16":{"start":{"line":49,"column":15},"end":{"line":49,"column":62}},"17":{"start":{"line":50,"column":15},"end":{"line":50,"column":62}},"18":{"start":{"line":51,"column":19},"end":{"line":51,"column":70}},"19":{"start":{"line":52,"column":19},"end":{"line":52,"column":70}},"20":{"start":{"line":53,"column":19},"end":{"line":53,"column":70}},"21":{"start":{"line":55,"column":2},"end":{"line":57,"column":3}},"22":{"start":{"line":56,"column":4},"end":{"line":56,"column":159}},"23":{"start":{"line":59,"column":2},"end":{"line":71,"column":4}},"24":{"start":{"line":26,"column":13},"end":{"line":26,"column":36}},"25":{"start":{"line":80,"column":33},"end":{"line":83,"column":2}},"26":{"start":{"line":80,"column":68},"end":{"line":83,"column":2}},"27":{"start":{"line":80,"column":13},"end":{"line":80,"column":33}},"28":{"start":{"line":93,"column":42},"end":{"line":125,"column":1}},"29":{"start":{"line":94,"column":2},"end":{"line":96,"column":3}},"30":{"start":{"line":95,"column":4},"end":{"line":95,"column":72}},"31":{"start":{"line":98,"column":2},"end":{"line":106,"column":3}},"32":{"start":{"line":99,"column":4},"end":{"line":105,"column":27}},"33":{"start":{"line":108,"column":2},"end":{"line":122,"column":3}},"34":{"start":{"line":109,"column":4},"end":{"line":121,"column":27}},"35":{"start":{"line":124,"column":2},"end":{"line":124,"column":63}},"36":{"start":{"line":93,"column":13},"end":{"line":93,"column":42}},"37":{"start":{"line":131,"column":13},"end":{"line":147,"column":2}},"38":{"start":{"line":135,"column":6},"end":{"line":142,"column":7}},"39":{"start":{"line":136,"column":23},"end":{"line":136,"column":58}},"40":{"start":{"line":137,"column":34},"end":{"line":137,"column":68}},"41":{"start":{"line":138,"column":27},"end":{"line":138,"column":60}},"42":{"start":{"line":139,"column":8},"end":{"line":139,"column":45}},"43":{"start":{"line":141,"column":8},"end":{"line":141,"column":86}}},"fnMap":{"0":{"name":"(anonymous_0)","decl":{"start":{"line":26,"column":36},"end":{"line":26,"column":null}},"loc":{"start":{"line":28,"column":26},"end":{"line":72,"column":1}}},"1":{"name":"(anonymous_1)","decl":{"start":{"line":80,"column":33},"end":{"line":80,"column":34}},"loc":{"start":{"line":80,"column":68},"end":{"line":83,"column":2}}},"2":{"name":"(anonymous_2)","decl":{"start":{"line":93,"column":42},"end":{"line":93,"column":43}},"loc":{"start":{"line":93,"column":94},"end":{"line":125,"column":1}}},"3":{"name":"(anonymous_3)","decl":{"start":{"line":134,"column":16},"end":{"line":134,"column":21}},"loc":{"start":{"line":134,"column":76},"end":{"line":143,"column":5}}}},"branchMap":{"0":{"loc":{"start":{"line":29,"column":17},"end":{"line":29,"column":102}},"type":"binary-expr","locations":[{"start":{"line":29,"column":17},"end":{"line":29,"column":64}},{"start":{"line":29,"column":68},"end":{"line":29,"column":102}}]},"1":{"loc":{"start":{"line":33,"column":2},"end":{"line":46,"column":3}},"type":"if","locations":[{"start":{"line":33,"column":2},"end":{"line":46,"column":3}},{"start":{},"end":{}}]},"2":{"loc":{"start":{"line":35,"column":4},"end":{"line":37,"column":5}},"type":"if","locations":[{"start":{"line":35,"column":4},"end":{"line":37,"column":5}},{"start":{},"end":{}}]},"3":{"loc":{"start":{"line":55,"column":2},"end":{"line":57,"column":3}},"type":"if","locations":[{"start":{"line":55,"column":2},"end":{"line":57,"column":3}},{"start":{},"end":{}}]},"4":{"loc":{"start":{"line":55,"column":6},"end":{"line":55,"column":59}},"type":"binary-expr","locations":[{"start":{"line":55,"column":6},"end":{"line":55,"column":11}},{"start":{"line":55,"column":15},"end":{"line":55,"column":20}},{"start":{"line":55,"column":24},"end":{"line":55,"column":33}},{"start":{"line":55,"column":37},"end":{"line":55,"column":46}},{"start":{"line":55,"column":50},"end":{"line":55,"column":59}}]},"5":{"loc":{"start":{"line":81,"column":7},"end":{"line":81,"column":97}},"type":"binary-expr","locations":[{"start":{"line":81,"column":7},"end":{"line":81,"column":57}},{"start":{"line":81,"column":61},"end":{"line":81,"column":97}}]},"6":{"loc":{"start":{"line":94,"column":2},"end":{"line":96,"column":3}},"type":"if","locations":[{"start":{"line":94,"column":2},"end":{"line":96,"column":3}},{"start":{},"end":{}}]},"7":{"loc":{"start":{"line":98,"column":2},"end":{"line":106,"column":3}},"type":"if","locations":[{"start":{"line":98,"column":2},"end":{"line":106,"column":3}},{"start":{},"end":{}}]},"8":{"loc":{"start":{"line":108,"column":2},"end":{"line":122,"column":3}},"type":"if","locations":[{"start":{"line":108,"column":2},"end":{"line":122,"column":3}},{"start":{},"end":{}}]}},"s":{"0":0,"1":0,"2":0,"3":0,"4":0,"5":0,"6":0,"7":0,"8":0,"9":0,"10":0,"11":0,"12":0,"13":0,"14":0,"15":0,"16":0,"17":0,"18":0,"19":0,"20":0,"21":0,"22":0,"23":0,"24":0,"25":0,"26":0,"27":0,"28":0,"29":0,"30":0,"31":0,"32":0,"33":0,"34":0,"35":0,"36":0,"37":0,"38":0,"39":0,"40":0,"41":0,"42":0,"43":0},"f":{"0":0,"1":0,"2":0,"3":0},"b":{"0":[0,0],"1":[0,0],"2":[0,0],"3":[0,0],"4":[0,0,0,0,0],"5":[0,0],"6":[0,0],"7":[0,0],"8":[0,0]}}
,"C:\\wamp64\\www\\pdp\\api-case-pdp\\src\\database\\index.ts": {"path":"C:\\wamp64\\www\\pdp\\api-case-pdp\\src\\database\\index.ts","statementMap":{"0":{"start":{"line":1,"column":0},"end":{"line":1,"column":34}},"1":{"start":{"line":2,"column":0},"end":{"line":2,"column":37}},"2":{"start":{"line":3,"column":0},"end":{"line":3,"column":36}}},"fnMap":{},"branchMap":{},"s":{"0":0,"1":0,"2":0},"f":{},"b":{}}
,"C:\\wamp64\\www\\pdp\\api-case-pdp\\src\\database\\migrations\\1759115006498-CreateProductsTable.ts": {"path":"C:\\wamp64\\www\\pdp\\api-case-pdp\\src\\database\\migrations\\1759115006498-CreateProductsTable.ts","statementMap":{"0":{"start":{"line":4,"column":9},"end":{"line":4,"column":43}},"1":{"start":{"line":7,"column":4},"end":{"line":22,"column":7}},"2":{"start":{"line":25,"column":4},"end":{"line":27,"column":7}},"3":{"start":{"line":29,"column":4},"end":{"line":31,"column":7}},"4":{"start":{"line":33,"column":4},"end":{"line":35,"column":7}},"5":{"start":{"line":38,"column":4},"end":{"line":44,"column":7}},"6":{"start":{"line":48,"column":4},"end":{"line":48,"column":68}},"7":{"start":{"line":49,"column":4},"end":{"line":49,"column":63}},"8":{"start":{"line":50,"column":4},"end":{"line":50,"column":61}},"9":{"start":{"line":51,"column":4},"end":{"line":51,"column":53}},"10":{"start":{"line":3,"column":0},"end":{"line":3,"column":13}}},"fnMap":{"0":{"name":"(anonymous_0)","decl":{"start":{"line":6,"column":9},"end":{"line":6,"column":14}},"loc":{"start":{"line":6,"column":42},"end":{"line":45,"column":3}}},"1":{"name":"(anonymous_1)","decl":{"start":{"line":47,"column":9},"end":{"line":47,"column":14}},"loc":{"start":{"line":47,"column":44},"end":{"line":52,"column":3}}}},"branchMap":{},"s":{"0":0,"1":0,"2":0,"3":0,"4":0,"5":0,"6":0,"7":0,"8":0,"9":0,"10":0},"f":{"0":0,"1":0},"b":{}}
,"C:\\wamp64\\www\\pdp\\api-case-pdp\\src\\filters\\http-exception.filter.ts": {"path":"C:\\wamp64\\www\\pdp\\api-case-pdp\\src\\filters\\http-exception.filter.ts","statementMap":{"0":{"start":{"line":1,"column":0},"end":{"line":1,"column":null}},"1":{"start":{"line":12,"column":32},"end":{"line":67,"column":null}},"2":{"start":{"line":13,"column":28},"end":{"line":13,"column":64}},"3":{"start":{"line":16,"column":16},"end":{"line":16,"column":35}},"4":{"start":{"line":17,"column":21},"end":{"line":17,"column":48}},"5":{"start":{"line":18,"column":20},"end":{"line":18,"column":45}},"6":{"start":{"line":24,"column":4},"end":{"line":46,"column":5}},"7":{"start":{"line":25,"column":6},"end":{"line":25,"column":37}},"8":{"start":{"line":26,"column":32},"end":{"line":26,"column":55}},"9":{"start":{"line":28,"column":6},"end":{"line":34,"column":7}},"10":{"start":{"line":29,"column":8},"end":{"line":29,"column":36}},"11":{"start":{"line":30,"column":8},"end":{"line":30,"column":31}},"12":{"start":{"line":32,"column":8},"end":{"line":32,"column":74}},"13":{"start":{"line":33,"column":8},"end":{"line":33,"column":67}},"14":{"start":{"line":37,"column":6},"end":{"line":37,"column":48}},"15":{"start":{"line":38,"column":6},"end":{"line":38,"column":43}},"16":{"start":{"line":39,"column":6},"end":{"line":39,"column":38}},"17":{"start":{"line":42,"column":6},"end":{"line":45,"column":8}},"18":{"start":{"line":48,"column":26},"end":{"line":55,"column":6}},"19":{"start":{"line":58,"column":4},"end":{"line":63,"column":5}},"20":{"start":{"line":59,"column":23},"end":{"line":59,"column":55}},"21":{"start":{"line":60,"column":6},"end":{"line":62,"column":8}},"22":{"start":{"line":65,"column":4},"end":{"line":65,"column":48}},"23":{"start":{"line":12,"column":13},"end":{"line":12,"column":32}},"24":{"start":{"line":12,"column":13},"end":{"line":67,"column":null}}},"fnMap":{"0":{"name":"(anonymous_1)","decl":{"start":{"line":15,"column":2},"end":{"line":15,"column":7}},"loc":{"start":{"line":15,"column":47},"end":{"line":66,"column":3}}}},"branchMap":{"0":{"loc":{"start":{"line":24,"column":4},"end":{"line":46,"column":5}},"type":"if","locations":[{"start":{"line":24,"column":4},"end":{"line":46,"column":5}},{"start":{"line":35,"column":11},"end":{"line":46,"column":5}}]},"1":{"loc":{"start":{"line":28,"column":6},"end":{"line":34,"column":7}},"type":"if","locations":[{"start":{"line":28,"column":6},"end":{"line":34,"column":7}},{"start":{"line":31,"column":13},"end":{"line":34,"column":7}}]},"2":{"loc":{"start":{"line":32,"column":19},"end":{"line":32,"column":73}},"type":"binary-expr","locations":[{"start":{"line":32,"column":19},"end":{"line":32,"column":52}},{"start":{"line":32,"column":56},"end":{"line":32,"column":73}}]},"3":{"loc":{"start":{"line":33,"column":17},"end":{"line":33,"column":66}},"type":"binary-expr","locations":[{"start":{"line":33,"column":17},"end":{"line":33,"column":48}},{"start":{"line":33,"column":52},"end":{"line":33,"column":66}}]},"4":{"loc":{"start":{"line":44,"column":8},"end":{"line":44,"column":64}},"type":"cond-expr","locations":[{"start":{"line":44,"column":37},"end":{"line":44,"column":52}},{"start":{"line":44,"column":55},"end":{"line":44,"column":64}}]},"5":{"loc":{"start":{"line":58,"column":4},"end":{"line":63,"column":5}},"type":"if","locations":[{"start":{"line":58,"column":4},"end":{"line":63,"column":5}},{"start":{},"end":{}}]},"6":{"loc":{"start":{"line":59,"column":23},"end":{"line":59,"column":55}},"type":"cond-expr","locations":[{"start":{"line":59,"column":39},"end":{"line":59,"column":46}},{"start":{"line":59,"column":49},"end":{"line":59,"column":55}}]}},"s":{"0":1,"1":1,"2":11,"3":10,"4":10,"5":10,"6":10,"7":8,"8":8,"9":8,"10":5,"11":5,"12":3,"13":3,"14":2,"15":2,"16":2,"17":2,"18":10,"19":10,"20":9,"21":9,"22":10,"23":1,"24":1},"f":{"0":10},"b":{"0":[8,2],"1":[5,3],"2":[3,0],"3":[3,1],"4":[1,1],"5":[9,1],"6":[3,6]}}
,"C:\\wamp64\\www\\pdp\\api-case-pdp\\src\\seeder\\seeder.module.ts": {"path":"C:\\wamp64\\www\\pdp\\api-case-pdp\\src\\seeder\\seeder.module.ts","statementMap":{"0":{"start":{"line":1,"column":0},"end":{"line":1,"column":40}},"1":{"start":{"line":2,"column":0},"end":{"line":2,"column":48}},"2":{"start":{"line":3,"column":0},"end":{"line":3,"column":49}},"3":{"start":{"line":4,"column":0},"end":{"line":4,"column":66}},"4":{"start":{"line":11,"column":7},"end":{"line":11,"column":null}},"5":{"start":{"line":11,"column":13},"end":{"line":11,"column":25}},"6":{"start":{"line":11,"column":13},"end":{"line":11,"column":null}}},"fnMap":{},"branchMap":{},"s":{"0":0,"1":0,"2":0,"3":0,"4":0,"5":0,"6":0},"f":{},"b":{}}
,"C:\\wamp64\\www\\pdp\\api-case-pdp\\src\\seeder\\seeder.service.ts": {"path":"C:\\wamp64\\www\\pdp\\api-case-pdp\\src\\seeder\\seeder.service.ts","statementMap":{"0":{"start":{"line":1,"column":0},"end":{"line":1,"column":52}},"1":{"start":{"line":2,"column":0},"end":{"line":2,"column":51}},"2":{"start":{"line":3,"column":0},"end":{"line":3,"column":37}},"3":{"start":{"line":4,"column":0},"end":{"line":4,"column":66}},"4":{"start":{"line":7,"column":26},"end":{"line":73,"column":null}},"5":{"start":{"line":8,"column":28},"end":{"line":8,"column":58}},"6":{"start":{"line":12,"column":21},"end":{"line":12,"column":40}},"7":{"start":{"line":16,"column":4},"end":{"line":16,"column":51}},"8":{"start":{"line":18,"column":29},"end":{"line":18,"column":65}},"9":{"start":{"line":19,"column":4},"end":{"line":22,"column":5}},"10":{"start":{"line":20,"column":6},"end":{"line":20,"column":66}},"11":{"start":{"line":21,"column":6},"end":{"line":21,"column":13}},"12":{"start":{"line":24,"column":27},"end":{"line":57,"column":6}},"13":{"start":{"line":59,"column":4},"end":{"line":65,"column":5}},"14":{"start":{"line":60,"column":6},"end":{"line":60,"column":56}},"15":{"start":{"line":61,"column":6},"end":{"line":61,"column":79}},"16":{"start":{"line":63,"column":6},"end":{"line":63,"column":64}},"17":{"start":{"line":64,"column":6},"end":{"line":64,"column":18}},"18":{"start":{"line":69,"column":4},"end":{"line":69,"column":48}},"19":{"start":{"line":70,"column":4},"end":{"line":70,"column":44}},"20":{"start":{"line":71,"column":4},"end":{"line":71,"column":44}},"21":{"start":{"line":7,"column":13},"end":{"line":7,"column":26}},"22":{"start":{"line":7,"column":13},"end":{"line":73,"column":null}}},"fnMap":{"0":{"name":"(anonymous_4)","decl":{"start":{"line":10,"column":2},"end":{"line":10,"column":null}},"loc":{"start":{"line":12,"column":59},"end":{"line":13,"column":6}}},"1":{"name":"(anonymous_5)","decl":{"start":{"line":15,"column":2},"end":{"line":15,"column":7}},"loc":{"start":{"line":15,"column":20},"end":{"line":66,"column":3}}},"2":{"name":"(anonymous_6)","decl":{"start":{"line":68,"column":2},"end":{"line":68,"column":7}},"loc":{"start":{"line":68,"column":21},"end":{"line":72,"column":3}}}},"branchMap":{"0":{"loc":{"start":{"line":19,"column":4},"end":{"line":22,"column":5}},"type":"if","locations":[{"start":{"line":19,"column":4},"end":{"line":22,"column":5}},{"start":{},"end":{}}]},"1":{"loc":{"start":{"line":12,"column":40},"end":{"line":12,"column":59}},"type":"cond-expr","locations":[{"start":{"line":12,"column":50},"end":{"line":12,"column":59}},{"start":{"line":12,"column":50},"end":{"line":12,"column":59}}]},"2":{"loc":{"start":{"line":12,"column":40},"end":{"line":12,"column":50}},"type":"binary-expr","locations":[{"start":{"line":12,"column":40},"end":{"line":12,"column":59}},{"start":{"line":12,"column":40},"end":{"line":12,"column":50}}]}},"s":{"0":2,"1":2,"2":2,"3":2,"4":2,"5":12,"6":12,"7":9,"8":9,"9":8,"10":2,"11":2,"12":6,"13":6,"14":6,"15":5,"16":1,"17":1,"18":4,"19":4,"20":3,"21":2,"22":2},"f":{"0":12,"1":9,"2":4},"b":{"0":[2,6],"1":[2,0],"2":[2,2]}}
}
