TN:
SF:src\app.controller.ts
FN:19,(anonymous_4)
FN:42,(anonymous_5)
FN:96,(anonymous_6)
FN:98,(anonymous_7)
FN:117,(anonymous_8)
FNF:5
FNH:5
FNDA:15,(anonymous_4)
FNDA:3,(anonymous_5)
FNDA:7,(anonymous_6)
FNDA:1,(anonymous_7)
FNDA:6,(anonymous_8)
DA:1,1
DA:3,1
DA:8,1
DA:13,1
DA:14,1
DA:18,1
DA:20,15
DA:21,15
DA:22,15
DA:23,15
DA:42,1
DA:44,3
DA:45,3
DA:46,3
DA:47,3
DA:48,3
DA:49,3
DA:51,3
DA:96,1
DA:97,7
DA:98,1
DA:117,1
DA:118,6
DA:119,4
LF:24
LH:24
BRDA:20,0,0,1
BRDA:20,0,1,0
BRDA:20,1,0,1
BRDA:20,1,1,1
BRDA:20,2,0,1
BRDA:20,2,1,0
BRDA:20,3,0,1
BRDA:20,3,1,1
BRDA:21,4,0,1
BRDA:21,4,1,0
BRDA:21,5,0,1
BRDA:21,5,1,1
BRDA:22,6,0,1
BRDA:22,6,1,0
BRDA:22,7,0,1
BRDA:22,7,1,1
BRF:16
BRH:12
end_of_record
TN:
SF:src\app.module.ts
FNF:0
FNH:0
DA:1,0
DA:2,0
DA:3,0
DA:4,0
DA:5,0
DA:6,0
DA:7,0
DA:8,0
DA:24,0
LF:9
LH:0
BRF:0
BRH:0
end_of_record
TN:
SF:src\app.service.ts
FNF:0
FNH:0
DA:1,1
DA:4,1
LF:2
LH:2
BRF:0
BRH:0
end_of_record
TN:
SF:src\main.ts
FN:7,bootstrap
FNF:1
FNH:0
FNDA:0,bootstrap
DA:1,0
DA:2,0
DA:3,0
DA:4,0
DA:5,0
DA:8,0
DA:11,0
DA:18,0
DA:27,0
DA:30,0
DA:38,0
DA:39,0
DA:45,0
DA:46,0
DA:47,0
DA:48,0
DA:51,0
LF:17
LH:0
BRDA:45,0,0,0
BRDA:45,0,1,0
BRF:2
BRH:0
end_of_record
TN:
SF:src\api\products\constants.ts
FNF:0
FNH:0
DA:1,0
DA:3,0
DA:13,0
DA:23,0
DA:32,0
DA:40,0
LF:6
LH:0
BRF:0
BRH:0
end_of_record
TN:
SF:src\api\products\index.ts
FNF:0
FNH:0
DA:1,0
DA:2,0
DA:3,0
DA:4,0
DA:5,0
DA:6,0
DA:7,0
LF:7
LH:0
BRF:0
BRH:0
end_of_record
TN:
SF:src\api\products\products.module.ts
FNF:0
FNH:0
DA:1,0
DA:2,0
DA:3,0
DA:4,0
DA:5,0
DA:6,0
DA:14,0
LF:7
LH:0
BRF:0
BRH:0
end_of_record
TN:
SF:src\api\products\controllers\products.controller.ts
FN:22,(anonymous_4)
FN:52,(anonymous_5)
FNF:2
FNH:2
FNDA:4,(anonymous_4)
FNDA:3,(anonymous_5)
DA:1,1
DA:8,1
DA:15,1
DA:16,1
DA:17,1
DA:21,1
DA:22,4
DA:52,1
DA:53,3
LF:9
LH:9
BRDA:52,0,0,1
BRDA:52,0,1,0
BRDA:52,1,0,1
BRDA:52,1,1,1
BRDA:52,2,0,1
BRDA:52,2,1,0
BRDA:52,3,0,1
BRDA:52,3,1,1
BRDA:22,4,0,1
BRDA:22,4,1,0
BRDA:22,5,0,1
BRDA:22,5,1,1
BRF:12
BRH:9
end_of_record
TN:
SF:src\api\products\dtos\get-product.dto.ts
FNF:0
FNH:0
DA:1,2
DA:2,2
DA:4,2
DA:16,2
LF:4
LH:4
BRF:0
BRH:0
end_of_record
TN:
SF:src\api\products\entities\product.entity.ts
FNF:0
FNH:0
DA:1,5
DA:10,5
DA:16,5
DA:22,5
DA:30,5
DA:38,5
DA:46,5
DA:55,5
DA:63,5
DA:71,5
DA:80,5
DA:89,5
DA:99,5
LF:13
LH:13
BRDA:80,0,0,5
BRDA:80,0,1,0
BRDA:80,1,0,5
BRDA:80,1,1,5
BRDA:89,2,0,5
BRDA:89,2,1,0
BRDA:89,3,0,5
BRDA:89,3,1,5
BRF:8
BRH:6
end_of_record
TN:
SF:src\api\products\providers\products.provider.ts
FN:36,(anonymous_0)
FNF:1
FNH:0
FNDA:0,(anonymous_0)
DA:2,0
DA:3,0
DA:5,0
DA:6,0
DA:7,0
DA:9,0
DA:14,0
DA:26,0
DA:31,0
DA:36,0
LF:10
LH:0
BRF:0
BRH:0
end_of_record
TN:
SF:src\api\products\repositories\product.repository.ts
FNF:0
FNH:0
DA:1,2
DA:4,2
LF:2
LH:2
BRF:0
BRH:0
end_of_record
TN:
SF:src\api\products\services\products.service.ts
FN:14,(anonymous_4)
FN:21,(anonymous_5)
FNF:2
FNH:2
FNDA:21,(anonymous_4)
FNDA:22,(anonymous_5)
DA:1,2
DA:2,2
DA:3,2
DA:4,2
DA:6,2
DA:7,2
DA:10,2
DA:11,21
DA:12,21
DA:16,21
DA:18,21
DA:22,22
DA:24,22
DA:26,22
DA:27,20
DA:28,6
DA:29,6
DA:32,2
DA:36,16
DA:40,14
DA:41,2
DA:45,12
DA:46,12
DA:47,11
DA:49,1
DA:52,12
LF:26
LH:26
BRDA:27,0,0,6
BRDA:27,0,1,14
BRDA:40,1,0,2
BRDA:40,1,1,12
BRDA:16,2,0,2
BRDA:16,2,1,0
BRDA:16,3,0,2
BRDA:16,3,1,2
BRF:8
BRH:7
end_of_record
TN:
SF:src\database\constants.ts
FNF:0
FNH:0
DA:1,0
LF:1
LH:0
BRF:0
BRH:0
end_of_record
TN:
SF:src\database\database.constants.ts
FNF:0
FNH:0
DA:1,0
DA:10,0
DA:21,0
LF:3
LH:0
BRF:0
BRH:0
end_of_record
TN:
SF:src\database\database.module.ts
FNF:0
FNH:0
DA:1,0
DA:2,0
DA:3,0
DA:4,0
DA:5,0
DA:25,0
LF:6
LH:0
BRF:0
BRH:0
end_of_record
TN:
SF:src\database\database.provider.ts
FN:26,(anonymous_0)
FN:80,(anonymous_1)
FN:93,(anonymous_2)
FN:134,(anonymous_3)
FNF:4
FNH:0
FNDA:0,(anonymous_0)
FNDA:0,(anonymous_1)
FNDA:0,(anonymous_2)
FNDA:0,(anonymous_3)
DA:1,0
DA:3,0
DA:4,0
DA:9,0
DA:10,0
DA:11,0
DA:16,0
DA:26,0
DA:29,0
DA:30,0
DA:31,0
DA:33,0
DA:34,0
DA:35,0
DA:36,0
DA:39,0
DA:49,0
DA:50,0
DA:51,0
DA:52,0
DA:53,0
DA:55,0
DA:56,0
DA:59,0
DA:80,0
DA:93,0
DA:94,0
DA:95,0
DA:98,0
DA:99,0
DA:108,0
DA:109,0
DA:124,0
DA:131,0
DA:135,0
DA:136,0
DA:137,0
DA:138,0
DA:139,0
DA:141,0
LF:40
LH:0
BRDA:29,0,0,0
BRDA:29,0,1,0
BRDA:33,1,0,0
BRDA:33,1,1,0
BRDA:35,2,0,0
BRDA:35,2,1,0
BRDA:55,3,0,0
BRDA:55,3,1,0
BRDA:55,4,0,0
BRDA:55,4,1,0
BRDA:55,4,2,0
BRDA:55,4,3,0
BRDA:55,4,4,0
BRDA:81,5,0,0
BRDA:81,5,1,0
BRDA:94,6,0,0
BRDA:94,6,1,0
BRDA:98,7,0,0
BRDA:98,7,1,0
BRDA:108,8,0,0
BRDA:108,8,1,0
BRF:21
BRH:0
end_of_record
TN:
SF:src\database\index.ts
FNF:0
FNH:0
DA:1,0
DA:2,0
DA:3,0
LF:3
LH:0
BRF:0
BRH:0
end_of_record
TN:
SF:src\database\migrations\1759115006498-CreateProductsTable.ts
FN:6,(anonymous_0)
FN:47,(anonymous_1)
FNF:2
FNH:0
FNDA:0,(anonymous_0)
FNDA:0,(anonymous_1)
DA:3,0
DA:4,0
DA:7,0
DA:25,0
DA:29,0
DA:33,0
DA:38,0
DA:48,0
DA:49,0
DA:50,0
DA:51,0
LF:11
LH:0
BRF:0
BRH:0
end_of_record
TN:
SF:src\filters\http-exception.filter.ts
FN:15,(anonymous_1)
FNF:1
FNH:1
FNDA:10,(anonymous_1)
DA:1,1
DA:12,1
DA:13,11
DA:16,10
DA:17,10
DA:18,10
DA:24,10
DA:25,8
DA:26,8
DA:28,8
DA:29,5
DA:30,5
DA:32,3
DA:33,3
DA:37,2
DA:38,2
DA:39,2
DA:42,2
DA:48,10
DA:58,10
DA:59,9
DA:60,9
DA:65,10
LF:23
LH:23
BRDA:24,0,0,8
BRDA:24,0,1,2
BRDA:28,1,0,5
BRDA:28,1,1,3
BRDA:32,2,0,3
BRDA:32,2,1,0
BRDA:33,3,0,3
BRDA:33,3,1,1
BRDA:44,4,0,1
BRDA:44,4,1,1
BRDA:58,5,0,9
BRDA:58,5,1,1
BRDA:59,6,0,3
BRDA:59,6,1,6
BRF:14
BRH:13
end_of_record
TN:
SF:src\seeder\seeder.module.ts
FNF:0
FNH:0
DA:1,0
DA:2,0
DA:3,0
DA:4,0
DA:11,0
LF:5
LH:0
BRF:0
BRH:0
end_of_record
TN:
SF:src\seeder\seeder.service.ts
FN:10,(anonymous_4)
FN:15,(anonymous_5)
FN:68,(anonymous_6)
FNF:3
FNH:3
FNDA:12,(anonymous_4)
FNDA:9,(anonymous_5)
FNDA:4,(anonymous_6)
DA:1,2
DA:2,2
DA:3,2
DA:4,2
DA:7,2
DA:8,12
DA:12,12
DA:16,9
DA:18,9
DA:19,8
DA:20,2
DA:21,2
DA:24,6
DA:59,6
DA:60,6
DA:61,5
DA:63,1
DA:64,1
DA:69,4
DA:70,4
DA:71,3
LF:21
LH:21
BRDA:19,0,0,2
BRDA:19,0,1,6
BRDA:12,1,0,2
BRDA:12,1,1,0
BRDA:12,2,0,2
BRDA:12,2,1,2
BRF:6
BRH:5
end_of_record
